<?xml version="1.0" encoding="UTF-8"?>
<Site BuildName="(empty)"
	BuildStamp="20250908-0337-Experimental"
	Name="nic-XPS-15-9520"
	Generator="ctest-3.22.1"
	CompilerName="/usr/bin/c++"
	CompilerVersion="11.4.0"
	OSName="Linux"
	Hostname="nic-XPS-15-9520"
	OSRelease="6.8.0-65-generic"
	OSVersion="#68~22.04.1-Ubuntu SMP PREEMPT_DYNAMIC Tue Jul 15 18:06:34 UTC 2"
	OSPlatform="x86_64"
	Is64Bits="1"
	VendorString="GenuineIntel"
	VendorID="Intel Corporation"
	FamilyID="6"
	ModelID="154"
	ProcessorCacheSize="24576"
	NumberOfLogicalCPU="20"
	NumberOfPhysicalCPU="14"
	TotalVirtualMemory="2047"
	TotalPhysicalMemory="15660"
	LogicalProcessorsPerPhysical="1"
	ProcessorClockFrequency="3557.67"
	>
	<Testing>
		<StartDateTime>Sep 08 16:08 AEST</StartDateTime>
		<StartTestTime>1757311696</StartTestTime>
		<TestList/>
		<EndDateTime>Sep 08 16:08 AEST</EndDateTime>
		<EndTestTime>1757311696</EndTestTime>
		<ElapsedMinutes>0</ElapsedMinutes>
	</Testing>
</Site>
